2016-02-25 21:46:01-0500 [-] Log opened.
2016-02-25 21:46:01-0500 [-] twistd 13.2.0 (/System/Library/Frameworks/Python.framework/Versions/2.7/Resources/Python.app/Contents/MacOS/Python 2.7.6) starting up.
2016-02-25 21:46:01-0500 [-] reactor class: twisted.internet.selectreactor.SelectReactor.
2016-02-25 21:46:01-0500 [-] Traceback (most recent call last):
2016-02-25 21:46:01-0500 [-]   File "/usr/bin/twistd", line 14, in <module>
2016-02-25 21:46:01-0500 [-]     run()
2016-02-25 21:46:01-0500 [-]   File "/System/Library/Frameworks/Python.framework/Versions/2.7/Extras/lib/python/twisted/scripts/twistd.py", line 27, in run
2016-02-25 21:46:01-0500 [-]     app.run(runApp, ServerOptions)
2016-02-25 21:46:01-0500 [-]   File "/System/Library/Frameworks/Python.framework/Versions/2.7/Extras/lib/python/twisted/application/app.py", line 642, in run
2016-02-25 21:46:01-0500 [-]     runApp(config)
2016-02-25 21:46:01-0500 [-]   File "/System/Library/Frameworks/Python.framework/Versions/2.7/Extras/lib/python/twisted/scripts/twistd.py", line 23, in runApp
2016-02-25 21:46:01-0500 [-]     _SomeApplicationRunner(config).run()
2016-02-25 21:46:01-0500 [-]   File "/System/Library/Frameworks/Python.framework/Versions/2.7/Extras/lib/python/twisted/application/app.py", line 380, in run
2016-02-25 21:46:01-0500 [-]     self.postApplication()
2016-02-25 21:46:01-0500 [-]   File "/System/Library/Frameworks/Python.framework/Versions/2.7/Extras/lib/python/twisted/scripts/_twistd_unix.py", line 193, in postApplication
2016-02-25 21:46:01-0500 [-]     self.startApplication(self.application)
2016-02-25 21:46:01-0500 [-]   File "/System/Library/Frameworks/Python.framework/Versions/2.7/Extras/lib/python/twisted/scripts/_twistd_unix.py", line 381, in startApplication
2016-02-25 21:46:01-0500 [-]     service.IService(application).privilegedStartService()
2016-02-25 21:46:01-0500 [-]   File "/System/Library/Frameworks/Python.framework/Versions/2.7/Extras/lib/python/twisted/application/service.py", line 277, in privilegedStartService
2016-02-25 21:46:01-0500 [-]     service.privilegedStartService()
2016-02-25 21:46:01-0500 [-]   File "/System/Library/Frameworks/Python.framework/Versions/2.7/Extras/lib/python/twisted/application/internet.py", line 105, in privilegedStartService
2016-02-25 21:46:01-0500 [-]     self._port = self._getPort()
2016-02-25 21:46:01-0500 [-]   File "/System/Library/Frameworks/Python.framework/Versions/2.7/Extras/lib/python/twisted/application/internet.py", line 133, in _getPort
2016-02-25 21:46:01-0500 [-]     'listen%s' % (self.method,))(*self.args, **self.kwargs)
2016-02-25 21:46:01-0500 [-]   File "/System/Library/Frameworks/Python.framework/Versions/2.7/Extras/lib/python/twisted/internet/posixbase.py", line 495, in listenTCP
2016-02-25 21:46:01-0500 [-]     p.startListening()
2016-02-25 21:46:01-0500 [-]   File "/System/Library/Frameworks/Python.framework/Versions/2.7/Extras/lib/python/twisted/internet/tcp.py", line 980, in startListening
2016-02-25 21:46:01-0500 [-]     raise CannotListenError(self.interface, self.port, le)
2016-02-25 21:46:01-0500 [-] twisted.internet.error.CannotListenError: Couldn't listen on any:8000: [Errno 48] Address already in use.
2016-02-25 21:46:09-0500 [-] Log opened.
2016-02-25 21:46:09-0500 [-] twistd 13.2.0 (/System/Library/Frameworks/Python.framework/Versions/2.7/Resources/Python.app/Contents/MacOS/Python 2.7.6) starting up.
2016-02-25 21:46:09-0500 [-] reactor class: twisted.internet.selectreactor.SelectReactor.
2016-02-25 21:46:09-0500 [-] EchoFactory starting on 8000
2016-02-25 21:46:09-0500 [-] Starting factory <echo.EchoFactory instance at 0x1086089e0>
